11:21:46: Creating resource group General
11:21:46: Creating resource group Internal
11:21:46: Creating resource group Autodetect
11:21:46: SceneManagerFactory for type 'DefaultSceneManager' registered.
11:21:46: Registering ResourceManager for type Material
11:21:46: Registering ResourceManager for type Mesh
11:21:46: Registering ResourceManager for type Skeleton
11:21:46: MovableObjectFactory for type 'ParticleSystem' registered.
11:21:46: ArchiveFactory for archive type FileSystem registered.
11:21:46: ArchiveFactory for archive type Zip registered.
11:21:46: ArchiveFactory for archive type EmbeddedZip registered.
11:21:46: DDS codec registering
11:21:46: FreeImage version: 3.15.1
11:21:46: This program uses FreeImage, a free, open source image library supporting all common bitmap formats. See http://freeimage.sourceforge.net for details
11:21:46: Supported formats: bmp,ico,jpg,jif,jpeg,jpe,jng,koa,iff,lbm,mng,pbm,pbm,pcd,pcx,pgm,pgm,png,ppm,ppm,ras,tga,targa,tif,tiff,wap,wbmp,wbm,psd,cut,xbm,xpm,gif,hdr,g3,sgi,exr,j2k,j2c,jp2,pfm,pct,pict,pic,3fr,arw,bay,bmq,cap,cine,cr2,crw,cs1,dc2,dcr,drf,dsc,dng,erf,fff,ia,iiq,k25,kc2,kdc,mdc,mef,mos,mrw,nef,nrw,orf,pef,ptx,pxn,qtk,raf,raw,rdc,rw2,rwl,rwz,sr2,srf,sti
11:21:46: Registering ResourceManager for type HighLevelGpuProgram
11:21:46: Registering ResourceManager for type Compositor
11:21:46: MovableObjectFactory for type 'Entity' registered.
11:21:46: MovableObjectFactory for type 'Light' registered.
11:21:46: MovableObjectFactory for type 'BillboardSet' registered.
11:21:46: MovableObjectFactory for type 'ManualObject' registered.
11:21:46: MovableObjectFactory for type 'BillboardChain' registered.
11:21:46: MovableObjectFactory for type 'RibbonTrail' registered.
11:21:46: OGRE EXCEPTION(6:FileNotFoundException): 'plugins.cfg' file not found! in ConfigFile::load at /home/fernanda/Downloads/sinbad-ogre-b3dbd15ba410/OgreMain/src/OgreConfigFile.cpp (line 82)
11:21:48: plugins.cfg not found, automatic plugin loading disabled.
11:21:48: *-*-* OGRE Initialising
11:21:48: *-*-* Version 1.9.0 (Ghadamon)
11:21:48: OGRE EXCEPTION(6:FileNotFoundException): 'resources.cfg' file not found! in ConfigFile::load at /home/fernanda/Downloads/sinbad-ogre-b3dbd15ba410/OgreMain/src/OgreConfigFile.cpp (line 82)
11:21:50: *-*-* OGRE Shutdown
11:21:50: Unregistering ResourceManager for type Compositor
11:21:50: Unregistering ResourceManager for type Skeleton
11:21:50: Unregistering ResourceManager for type Mesh
11:21:50: Unregistering ResourceManager for type HighLevelGpuProgram
11:21:50: Unregistering ResourceManager for type Material
